[NotebookApp | WARNING] No nbgrader_config.py file found (rerun with --debug to see where nbgrader is looking)
[NotebookApp | INFO] Loading the validate_assignment nbgrader serverextension
[NotebookApp | INFO] Serving notebooks from local directory: /mnt/c/Users/Francisco/Documents/LDSSA_hck2
[NotebookApp | INFO] The Jupyter Notebook is running at:
[NotebookApp | INFO] http://localhost:8888/?token=617a5be8ff45cfcceef9503ef2a7acd7511d8189a0b9e8f1
[NotebookApp | INFO]  or http://127.0.0.1:8888/?token=617a5be8ff45cfcceef9503ef2a7acd7511d8189a0b9e8f1
[NotebookApp | INFO] Use Control-C to stop this server and shut down all kernels (twice to skip confirmation).
[NotebookApp | WARNING] No web browser found: could not locate runnable browser.
[NotebookApp | CRITICAL] 
    
    To access the notebook, open this file in a browser:
        file:///home/fc/.local/share/jupyter/runtime/nbserver-2467-open.html
    Or copy and paste one of these URLs:
        http://localhost:8888/?token=617a5be8ff45cfcceef9503ef2a7acd7511d8189a0b9e8f1
     or http://127.0.0.1:8888/?token=617a5be8ff45cfcceef9503ef2a7acd7511d8189a0b9e8f1
[NotebookApp | WARNING] 404 GET /api/contents/BLU03%20-%20Data%20Sources/Learning%20Notebook%20-%20Part%201%20of%203%20-%20Relational%20Databases%20and%20SQL.ipynb?content=0&_=1566719459005 (127.0.0.1): No such file or directory: BLU03 - Data Sources/Learning Notebook - Part 1 of 3 - Relational Databases and SQL.ipynb
[NotebookApp | WARNING] No such file or directory: BLU03 - Data Sources/Learning Notebook - Part 1 of 3 - Relational Databases and SQL.ipynb
[NotebookApp | WARNING] 404 GET /api/contents/BLU03%20-%20Data%20Sources/Learning%20Notebook%20-%20Part%201%20of%203%20-%20Relational%20Databases%20and%20SQL.ipynb?content=0&_=1566719459005 (127.0.0.1) 15.39ms referer=http://localhost:8888/notebooks/BLU03%20-%20Data%20Sources/Learning%20Notebook%20-%20Part%201%20of%203%20-%20Relational%20Databases%20and%20SQL.ipynb
[NotebookApp | INFO] Uploading file to /BLU03 - Data Sources/Learning Notebook - Part 1 of 3 - Relational Databases and SQL.ipynb
[NotebookApp | WARNING] Notebook BLU03 - Data Sources/Learning Notebook - Part 1 of 3 - Relational Databases and SQL.ipynb is not trusted
[NotebookApp | ERROR] Error while saving file: BLU03 - Data Sources/Learning Notebook - Part 1 of 3 - Relational Databases and SQL.ipynb [Errno 2] No such file or directory: '/mnt/c/Users/Francisco/Documents/LDSSA_hck2/BLU03 - Data Sources/Learning Notebook - Part 1 of 3 - Relational Databases and SQL.ipynb'
    Traceback (most recent call last):
      File "/home/fc/anaconda3/envs/hck02/lib/python3.7/site-packages/notebook/services/contents/filemanager.py", line 471, in save
        self._save_notebook(os_path, nb)
      File "/home/fc/anaconda3/envs/hck02/lib/python3.7/site-packages/notebook/services/contents/fileio.py", line 293, in _save_notebook
        with self.atomic_writing(os_path, encoding='utf-8') as f:
      File "/home/fc/anaconda3/envs/hck02/lib/python3.7/contextlib.py", line 112, in __enter__
        return next(self.gen)
      File "/home/fc/anaconda3/envs/hck02/lib/python3.7/site-packages/notebook/services/contents/fileio.py", line 213, in atomic_writing
        with atomic_writing(os_path, *args, log=self.log, **kwargs) as f:
      File "/home/fc/anaconda3/envs/hck02/lib/python3.7/contextlib.py", line 112, in __enter__
        return next(self.gen)
      File "/home/fc/anaconda3/envs/hck02/lib/python3.7/site-packages/notebook/services/contents/fileio.py", line 108, in atomic_writing
        fileobj = io.open(path, 'w', encoding=encoding, **kwargs)
    FileNotFoundError: [Errno 2] No such file or directory: '/mnt/c/Users/Francisco/Documents/LDSSA_hck2/BLU03 - Data Sources/Learning Notebook - Part 1 of 3 - Relational Databases and SQL.ipynb'
[NotebookApp | WARNING] 500 PUT /api/contents/BLU03%20-%20Data%20Sources/Learning%20Notebook%20-%20Part%201%20of%203%20-%20Relational%20Databases%20and%20SQL.ipynb (127.0.0.1): Unexpected error while saving file: BLU03 - Data Sources/Learning Notebook - Part 1 of 3 - Relational Databases and SQL.ipynb [Errno 2] No such file or directory: '/mnt/c/Users/Francisco/Documents/LDSSA_hck2/BLU03 - Data Sources/Learning Notebook - Part 1 of 3 - Relational Databases and SQL.ipynb'
[NotebookApp | WARNING] Unexpected error while saving file: BLU03 - Data Sources/Learning Notebook - Part 1 of 3 - Relational Databases and SQL.ipynb [Errno 2] No such file or directory: '/mnt/c/Users/Francisco/Documents/LDSSA_hck2/BLU03 - Data Sources/Learning Notebook - Part 1 of 3 - Relational Databases and SQL.ipynb'
[NotebookApp | ERROR] {
      "Host": "localhost:8888",
      "Connection": "keep-alive",
      "Content-Length": "34846",
      "Accept": "application/json, text/javascript, */*; q=0.01",
      "X-Requested-With": "XMLHttpRequest",
      "X-Xsrftoken": "2|4e676cb1|396c50a4f8f03fbb35138bc7fedca5d4|1566384665",
      "User-Agent": "Mozilla/5.0 (Windows NT 10.0; Win64; x64) AppleWebKit/537.36 (KHTML, like Gecko) Chrome/76.0.3809.100 Safari/537.36",
      "Sec-Fetch-Mode": "cors",
      "Content-Type": "application/json",
      "Origin": "http://localhost:8888",
      "Sec-Fetch-Site": "same-origin",
      "Referer": "http://localhost:8888/notebooks/BLU03%20-%20Data%20Sources/Learning%20Notebook%20-%20Part%201%20of%203%20-%20Relational%20Databases%20and%20SQL.ipynb",
      "Accept-Encoding": "gzip, deflate, br",
      "Accept-Language": "en-US,en;q=0.9",
      "Cookie": "_xsrf=2|4e676cb1|396c50a4f8f03fbb35138bc7fedca5d4|1566384665; username-localhost-8889=\"2|1:0|10:1566719191|23:username-localhost-8889|44:YmQwY2E0ZmIzNTdjNDBlMzhkZDk5YzQ0MjM4ZGI1NmQ=|8d70d4562a96ef8d4031f3cadb8b3edc0fab792505878230bbacd4269596804f\"; username-localhost-8888=\"2|1:0|10:1566719451|23:username-localhost-8888|44:ZGRiNmIyOTY0MjA2NDhlYjk0OWJhMjYwZGYzN2QwZGQ=|ad060da9a8475a28b5251ee6e2990282ca6df1abf6bfdd3207e78597a4c21532\""
    }
[NotebookApp | ERROR] 500 PUT /api/contents/BLU03%20-%20Data%20Sources/Learning%20Notebook%20-%20Part%201%20of%203%20-%20Relational%20Databases%20and%20SQL.ipynb (127.0.0.1) 44.88ms referer=http://localhost:8888/notebooks/BLU03%20-%20Data%20Sources/Learning%20Notebook%20-%20Part%201%20of%203%20-%20Relational%20Databases%20and%20SQL.ipynb
[NotebookApp | INFO] 302 GET /?token=617a5be8ff45cfcceef9503ef2a7acd7511d8189a0b9e8f1 (127.0.0.1) 0.77ms
[NotebookApp | INFO] Creating new notebook in 
[NotebookApp | INFO] Kernel started: 77b105cd-7831-4918-96ce-bfa0170be18e
[NotebookApp | WARNING] No nbgrader_config.py file found (rerun with --debug to see where nbgrader is looking)
[NotebookApp | INFO] Loading the validate_assignment nbgrader serverextension
[NotebookApp | INFO] Serving notebooks from local directory: /mnt/c/Users/Francisco/Documents/LDSSA_hck2
[NotebookApp | INFO] The Jupyter Notebook is running at:
[NotebookApp | INFO] http://localhost:8888/?token=a01f66dfd31a638738655266e4deeb347ec7f18ad68322bf
[NotebookApp | INFO]  or http://127.0.0.1:8888/?token=a01f66dfd31a638738655266e4deeb347ec7f18ad68322bf
[NotebookApp | INFO] Use Control-C to stop this server and shut down all kernels (twice to skip confirmation).
[NotebookApp | WARNING] No web browser found: could not locate runnable browser.
[NotebookApp | CRITICAL] 
    
    To access the notebook, open this file in a browser:
        file:///home/fc/.local/share/jupyter/runtime/nbserver-66-open.html
    Or copy and paste one of these URLs:
        http://localhost:8888/?token=a01f66dfd31a638738655266e4deeb347ec7f18ad68322bf
     or http://127.0.0.1:8888/?token=a01f66dfd31a638738655266e4deeb347ec7f18ad68322bf
[NotebookApp | INFO] 302 GET /?token=a01f66dfd31a638738655266e4deeb347ec7f18ad68322bf (127.0.0.1) 1.13ms
[NotebookApp | INFO] Kernel started: 82f985a5-3ee5-4f3e-91f4-8a874e78ceb0
[NotebookApp | INFO] Saving file at /Untitled.ipynb
[NotebookApp | INFO] Saving file at /Untitled.ipynb
[NotebookApp | INFO] Saving file at /Untitled.ipynb
[NotebookApp | INFO] Kernel interrupted: 82f985a5-3ee5-4f3e-91f4-8a874e78ceb0
[NotebookApp | INFO] Starting buffering for 82f985a5-3ee5-4f3e-91f4-8a874e78ceb0:4f3f4d13906b488e81523701b38c78b4
[NotebookApp | INFO] Kernel restarted: 82f985a5-3ee5-4f3e-91f4-8a874e78ceb0
[NotebookApp | INFO] Restoring connection for 82f985a5-3ee5-4f3e-91f4-8a874e78ceb0:4f3f4d13906b488e81523701b38c78b4
[NotebookApp | INFO] Replaying 8 buffered messages
[NotebookApp | INFO] Kernel interrupted: 82f985a5-3ee5-4f3e-91f4-8a874e78ceb0
[NotebookApp | INFO] Kernel interrupted: 82f985a5-3ee5-4f3e-91f4-8a874e78ceb0
[NotebookApp | INFO] Kernel interrupted: 82f985a5-3ee5-4f3e-91f4-8a874e78ceb0
[NotebookApp | INFO] Saving file at /Untitled.ipynb
[NotebookApp | INFO] Starting buffering for 82f985a5-3ee5-4f3e-91f4-8a874e78ceb0:4f3f4d13906b488e81523701b38c78b4
[NotebookApp | INFO] Kernel interrupted: 82f985a5-3ee5-4f3e-91f4-8a874e78ceb0
[NotebookApp | INFO] Kernel interrupted: 82f985a5-3ee5-4f3e-91f4-8a874e78ceb0
[NotebookApp | INFO] Kernel interrupted: 82f985a5-3ee5-4f3e-91f4-8a874e78ceb0
[NotebookApp | INFO] interrupted
[NotebookApp | CRITICAL] received signal 2, stopping
[NotebookApp | INFO] Kernel restarted: 82f985a5-3ee5-4f3e-91f4-8a874e78ceb0
[NotebookApp | INFO] Shutting down 1 kernel
[NotebookApp | CRITICAL] received signal 2, stopping
[NotebookApp | INFO] Kernel shutdown: 82f985a5-3ee5-4f3e-91f4-8a874e78ceb0
[NotebookApp | WARNING] No nbgrader_config.py file found (rerun with --debug to see where nbgrader is looking)
[NotebookApp | INFO] Loading the validate_assignment nbgrader serverextension
[NotebookApp | INFO] Serving notebooks from local directory: /mnt/c/Users/Francisco/Documents/LDSSA_hck2
[NotebookApp | INFO] The Jupyter Notebook is running at:
[NotebookApp | INFO] http://localhost:8888/?token=4fedc5c62a03db70dc6ec4a7e11c863b6395e052205fb80e
[NotebookApp | INFO]  or http://127.0.0.1:8888/?token=4fedc5c62a03db70dc6ec4a7e11c863b6395e052205fb80e
[NotebookApp | INFO] Use Control-C to stop this server and shut down all kernels (twice to skip confirmation).
[NotebookApp | WARNING] No web browser found: could not locate runnable browser.
[NotebookApp | CRITICAL] 
    
    To access the notebook, open this file in a browser:
        file:///home/fc/.local/share/jupyter/runtime/nbserver-127-open.html
    Or copy and paste one of these URLs:
        http://localhost:8888/?token=4fedc5c62a03db70dc6ec4a7e11c863b6395e052205fb80e
     or http://127.0.0.1:8888/?token=4fedc5c62a03db70dc6ec4a7e11c863b6395e052205fb80e
[NotebookApp | INFO] Kernel started: 3ba5bd2a-d87d-4ef7-b225-199540df5856
[NotebookApp | INFO] 302 GET /?token=4fedc5c62a03db70dc6ec4a7e11c863b6395e052205fb80e (127.0.0.1) 0.95ms
[NotebookApp | INFO] Saving file at /Untitled.ipynb
[NotebookApp | INFO] Saving file at /Untitled.ipynb
[NotebookApp | INFO] Saving file at /Untitled.ipynb
[NotebookApp | INFO] Saving file at /Untitled.ipynb
[NotebookApp | INFO] Saving file at /Untitled.ipynb
[NotebookApp | INFO] Saving file at /Untitled.ipynb
[NotebookApp | INFO] Saving file at /Untitled.ipynb
[NotebookApp | INFO] Saving file at /Untitled.ipynb
[NotebookApp | INFO] Saving file at /Untitled.ipynb
[NotebookApp | INFO] Saving file at /Untitled.ipynb
[NotebookApp | INFO] Kernel interrupted: 3ba5bd2a-d87d-4ef7-b225-199540df5856
[NotebookApp | INFO] Kernel interrupted: 3ba5bd2a-d87d-4ef7-b225-199540df5856
[NotebookApp | INFO] Saving file at /Untitled.ipynb
[NotebookApp | INFO] Saving file at /Untitled.ipynb
[NotebookApp | INFO] Saving file at /Untitled.ipynb
[NotebookApp | INFO] Kernel interrupted: 3ba5bd2a-d87d-4ef7-b225-199540df5856
[NotebookApp | INFO] Saving file at /Untitled.ipynb
[NotebookApp | INFO] Saving file at /Untitled.ipynb
[NotebookApp | INFO] Saving file at /Untitled.ipynb
[NotebookApp | INFO] Saving file at /Untitled.ipynb
[NotebookApp | INFO] Saving file at /Untitled.ipynb
[NotebookApp | INFO] Saving file at /Untitled.ipynb
[NotebookApp | INFO] Saving file at /Untitled.ipynb
[NotebookApp | INFO] Saving file at /Untitled.ipynb
[NotebookApp | INFO] Saving file at /Untitled.ipynb
[NotebookApp | INFO] Saving file at /Untitled.ipynb
[NotebookApp | INFO] Saving file at /Untitled.ipynb
[NotebookApp | INFO] Saving file at /Untitled.ipynb
[NotebookApp | INFO] Saving file at /Untitled.ipynb
[NotebookApp | INFO] Saving file at /Untitled.ipynb
[NotebookApp | INFO] Saving file at /Untitled.ipynb
[NotebookApp | INFO] Saving file at /Untitled.ipynb
[NotebookApp | INFO] Saving file at /Untitled.ipynb
[NotebookApp | INFO] Saving file at /Untitled.ipynb
[NotebookApp | INFO] Saving file at /Untitled.ipynb
[NotebookApp | INFO] Saving file at /Untitled.ipynb
[NotebookApp | INFO] Saving file at /Untitled.ipynb
[NotebookApp | INFO] Saving file at /Untitled.ipynb
[NotebookApp | INFO] Saving file at /Untitled.ipynb
[NotebookApp | INFO] Saving file at /Untitled.ipynb
[NotebookApp | INFO] Saving file at /Untitled.ipynb
[NotebookApp | INFO] Saving file at /Untitled.ipynb
[NotebookApp | INFO] Saving file at /Untitled.ipynb
[NotebookApp | INFO] Saving file at /Untitled.ipynb
